INFO: [VRFC 10-2263] Analyzing Verilog file "C:/Users/USER/OneDrive/Desktop/Semester 4/Bubble-Sort-on-Pipelined-RISC-V-Processor-main/task3/2_1mux.v" into library xil_defaultlib
INFO: [VRFC 10-311] analyzing module twox1Mux
INFO: [VRFC 10-2263] Analyzing Verilog file "C:/Users/USER/OneDrive/Desktop/Semester 4/Bubble-Sort-on-Pipelined-RISC-V-Processor-main/task3/EXMEM.v" into library xil_defaultlib
INFO: [VRFC 10-311] analyzing module EXMEM
INFO: [VRFC 10-2263] Analyzing Verilog file "C:/Users/USER/OneDrive/Desktop/Semester 4/Bubble-Sort-on-Pipelined-RISC-V-Processor-main/task3/ForwardingUnit.v" into library xil_defaultlib
INFO: [VRFC 10-311] analyzing module ForwardingUnit
INFO: [VRFC 10-2263] Analyzing Verilog file "C:/Users/USER/OneDrive/Desktop/Semester 4/Bubble-Sort-on-Pipelined-RISC-V-Processor-main/task3/IDEX.v" into library xil_defaultlib
INFO: [VRFC 10-311] analyzing module IDEX
INFO: [VRFC 10-2263] Analyzing Verilog file "C:/Users/USER/OneDrive/Desktop/Semester 4/Bubble-Sort-on-Pipelined-RISC-V-Processor-main/task3/IFID.v" into library xil_defaultlib
INFO: [VRFC 10-311] analyzing module IFID
INFO: [VRFC 10-2263] Analyzing Verilog file "C:/Users/USER/OneDrive/Desktop/Semester 4/Bubble-Sort-on-Pipelined-RISC-V-Processor-main/task3/MEMWB.v" into library xil_defaultlib
INFO: [VRFC 10-311] analyzing module MEMWB
INFO: [VRFC 10-2263] Analyzing Verilog file "C:/Users/USER/OneDrive/Desktop/Semester 4/task3/task3.srcs/sources_1/new/RISC_V_Processor.v" into library xil_defaultlib
INFO: [VRFC 10-311] analyzing module RISC_V_Processor
INFO: [VRFC 10-2263] Analyzing Verilog file "C:/Users/USER/OneDrive/Desktop/Semester 4/Bubble-Sort-on-Pipelined-RISC-V-Processor-main/task3/ThreebyOneMux.v" into library xil_defaultlib
INFO: [VRFC 10-311] analyzing module ThreebyOneMux
INFO: [VRFC 10-2263] Analyzing Verilog file "C:/Users/USER/OneDrive/Desktop/Semester 4/Bubble-Sort-on-Pipelined-RISC-V-Processor-main/task3/adder.v" into library xil_defaultlib
INFO: [VRFC 10-311] analyzing module adder
INFO: [VRFC 10-2263] Analyzing Verilog file "C:/Users/USER/OneDrive/Desktop/Semester 4/Bubble-Sort-on-Pipelined-RISC-V-Processor-main/task3/alu_64bit.v" into library xil_defaultlib
INFO: [VRFC 10-311] analyzing module Alu64
INFO: [VRFC 10-2263] Analyzing Verilog file "C:/Users/USER/OneDrive/Desktop/Semester 4/Bubble-Sort-on-Pipelined-RISC-V-Processor-main/task3/alu_control.v" into library xil_defaultlib
INFO: [VRFC 10-311] analyzing module alu_control
INFO: [VRFC 10-2263] Analyzing Verilog file "C:/Users/USER/OneDrive/Desktop/Semester 4/Bubble-Sort-on-Pipelined-RISC-V-Processor-main/task3/branching_unit.v" into library xil_defaultlib
INFO: [VRFC 10-311] analyzing module branching_unit
INFO: [VRFC 10-2263] Analyzing Verilog file "C:/Users/USER/OneDrive/Desktop/Semester 4/Bubble-Sort-on-Pipelined-RISC-V-Processor-main/task3/control_unit.v" into library xil_defaultlib
INFO: [VRFC 10-311] analyzing module CU
INFO: [VRFC 10-2263] Analyzing Verilog file "C:/Users/USER/OneDrive/Desktop/Semester 4/Bubble-Sort-on-Pipelined-RISC-V-Processor-main/task3/data_memory.v" into library xil_defaultlib
INFO: [VRFC 10-311] analyzing module data_memory
INFO: [VRFC 10-2263] Analyzing Verilog file "C:/Users/USER/OneDrive/Desktop/Semester 4/Bubble-Sort-on-Pipelined-RISC-V-Processor-main/task3/hazard_detection_unit.v" into library xil_defaultlib
INFO: [VRFC 10-311] analyzing module hazard_detection_unit
INFO: [VRFC 10-2263] Analyzing Verilog file "C:/Users/USER/OneDrive/Desktop/Semester 4/Bubble-Sort-on-Pipelined-RISC-V-Processor-main/task3/imm_data_extractor.v" into library xil_defaultlib
INFO: [VRFC 10-311] analyzing module data_extractor
INFO: [VRFC 10-2263] Analyzing Verilog file "C:/Users/USER/OneDrive/Desktop/Semester 4/Bubble-Sort-on-Pipelined-RISC-V-Processor-main/task3/instruction_memory.v" into library xil_defaultlib
INFO: [VRFC 10-311] analyzing module instruction_memory
INFO: [VRFC 10-2263] Analyzing Verilog file "C:/Users/USER/OneDrive/Desktop/Semester 4/Bubble-Sort-on-Pipelined-RISC-V-Processor-main/task3/instruction_parser.v" into library xil_defaultlib
INFO: [VRFC 10-311] analyzing module Parser
INFO: [VRFC 10-2263] Analyzing Verilog file "C:/Users/USER/OneDrive/Desktop/Semester 4/Bubble-Sort-on-Pipelined-RISC-V-Processor-main/task3/pipeline_flush.v" into library xil_defaultlib
INFO: [VRFC 10-311] analyzing module pipeline_flush
INFO: [VRFC 10-2263] Analyzing Verilog file "C:/Users/USER/OneDrive/Desktop/Semester 4/Bubble-Sort-on-Pipelined-RISC-V-Processor-main/task3/program_counter.v" into library xil_defaultlib
INFO: [VRFC 10-311] analyzing module program_counter
INFO: [VRFC 10-2263] Analyzing Verilog file "C:/Users/USER/OneDrive/Desktop/Semester 4/Bubble-Sort-on-Pipelined-RISC-V-Processor-main/task3/reg_file.v" into library xil_defaultlib
INFO: [VRFC 10-311] analyzing module registerFile
INFO: [VRFC 10-2263] Analyzing Verilog file "C:/Users/USER/OneDrive/Desktop/Semester 4/Bubble-Sort-on-Pipelined-RISC-V-Processor-main/task3/testbench.v" into library xil_defaultlib
INFO: [VRFC 10-311] analyzing module tb
